<?xml version="1.0" encoding="UTF-8"?>
<testsuite name="com.company.creational.abstractfactory.projects.SuperBankSystemTest" tests="1" skipped="0" failures="0" errors="0" timestamp="2021-01-17T21:51:09" hostname="PSDEN" time="0.005">
  <properties/>
  <testcase name="createTeamForBankProject()" classname="com.company.creational.abstractfactory.projects.SuperBankSystemTest" time="0.005"/>
  <system-out><![CDATA[Creating bank system....
Java Developer writes Java code...
QA tests banking code ...
BankingPM manages bamking project...
]]></system-out>
  <system-err><![CDATA[]]></system-err>
</testsuite>
