<?xml version="1.0" encoding="UTF-8"?>
<testsuite name="com.company.creational.abstractfactory.projects.AuctionSiteProjectTest" tests="1" skipped="0" failures="0" errors="0" timestamp="2021-01-17T21:51:09" hostname="PSDEN" time="0.027">
  <properties/>
  <testcase name="createTeamForWebsiteProject()" classname="com.company.creational.abstractfactory.projects.AuctionSiteProjectTest" time="0.027"/>
  <system-out><![CDATA[Php developer writes code...
ManualTester tests website...
WebsitePM manages Website project...
]]></system-out>
  <system-err><![CDATA[]]></system-err>
</testsuite>
