<?xml version="1.0" encoding="UTF-8"?>
<testsuite name="com.company.creational.singleton.ProgramRunnerTest" tests="1" skipped="0" failures="0" errors="0" timestamp="2021-01-17T21:51:09" hostname="PSDEN" time="0.018">
  <properties/>
  <testcase name="singletonPatternWorkAsExpect()" classname="com.company.creational.singleton.ProgramRunnerTest" time="0.018"/>
  <system-out><![CDATA[]]></system-out>
  <system-err><![CDATA[]]></system-err>
</testsuite>
